  Game.cpp
c:\users\utente\desktop\projects\gamedev projects\fireligthtestgames\firelight\firelight\src\core\ecs\world.h(182): warning C4267: 'return': conversione da 'size_t' a 'int'. Possibile perdita di dati.
  main.cpp
c:\users\utente\desktop\projects\gamedev projects\fireligthtestgames\firelight\firelight\src\core\ecs\world.h(182): warning C4267: 'return': conversione da 'size_t' a 'int'. Possibile perdita di dati.
  Match.cpp
c:\users\utente\desktop\projects\gamedev projects\fireligthtestgames\firelight\firelight\src\core\ecs\world.h(182): warning C4267: 'return': conversione da 'size_t' a 'int'. Possibile perdita di dati.
c:\users\utente\desktop\projects\gamedev projects\fireligthtestgames\firelight\firelight\src\core\ecs\world.h(135): warning C4244: 'argomento': conversione da 'int' a 'float'. Possibile perdita di dati.
  c:\users\utente\desktop\projects\gamedev projects\fireligthtestgames\pong\pong\match.cpp(34): note: vedere il riferimento all'istanza '<Sconosciuto>' della funzione <Sconosciuto> di cui è in corso la compilazione
c:\users\utente\desktop\projects\gamedev projects\fireligthtestgames\firelight\firelight\src\core\ecs\world.h(54): warning C4267: '=': conversione da 'size_t' a 'ComponentID'. Possibile perdita di dati.
  c:\users\utente\desktop\projects\gamedev projects\fireligthtestgames\firelight\firelight\src\core\ecs\world.h(134): note: vedere il riferimento all'istanza '<Sconosciuto>' della funzione <Sconosciuto> di cui è in corso la compilazione
  c:\users\utente\desktop\projects\gamedev projects\fireligthtestgames\pong\pong\match.cpp(34): note: vedere il riferimento all'istanza '<Sconosciuto>' della funzione <Sconosciuto> di cui è in corso la compilazione
  MovementSystem.cpp
c:\users\utente\desktop\projects\gamedev projects\fireligthtestgames\firelight\firelight\src\core\ecs\world.h(182): warning C4267: 'return': conversione da 'size_t' a 'int'. Possibile perdita di dati.
  Generazione del codice in corso...
FireLight.lib(SimpleRenderSystem.obj) : error LNK2001: simbolo esterno __CheckForDebuggerJustMyCode non risolto
FireLight.lib(imgui.obj) : error LNK2001: simbolo esterno __CheckForDebuggerJustMyCode non risolto
FireLight.lib(imgui_draw.obj) : error LNK2001: simbolo esterno __CheckForDebuggerJustMyCode non risolto
FireLight.lib(Time.obj) : error LNK2001: simbolo esterno __CheckForDebuggerJustMyCode non risolto
FireLight.lib(Texture.obj) : error LNK2001: simbolo esterno __CheckForDebuggerJustMyCode non risolto
FireLight.lib(Shader.obj) : error LNK2001: simbolo esterno __CheckForDebuggerJustMyCode non risolto
FireLight.lib(SceneNode.obj) : error LNK2001: simbolo esterno __CheckForDebuggerJustMyCode non risolto
FireLight.lib(Scene.obj) : error LNK2001: simbolo esterno __CheckForDebuggerJustMyCode non risolto
FireLight.lib(Window.obj) : error LNK2001: simbolo esterno __CheckForDebuggerJustMyCode non risolto
FireLight.lib(PysixSystem.obj) : error LNK2001: simbolo esterno __CheckForDebuggerJustMyCode non risolto
FireLight.lib(imgui_impl_glfw_gl3.obj) : error LNK2001: simbolo esterno __CheckForDebuggerJustMyCode non risolto
FireLight.lib(World.obj) : error LNK2001: simbolo esterno __CheckForDebuggerJustMyCode non risolto
FireLight.lib(IndexBuffer.obj) : error LNK2001: simbolo esterno __CheckForDebuggerJustMyCode non risolto
FireLight.lib(VertexBuffer.obj) : error LNK2001: simbolo esterno __CheckForDebuggerJustMyCode non risolto
FireLight.lib(Resource.obj) : error LNK2001: simbolo esterno __CheckForDebuggerJustMyCode non risolto
FireLight.lib(App.obj) : error LNK2001: simbolo esterno __CheckForDebuggerJustMyCode non risolto
FireLight.lib(SceneManager.obj) : error LNK2001: simbolo esterno __CheckForDebuggerJustMyCode non risolto
FireLight.lib(gl3w.obj) : error LNK2001: simbolo esterno __CheckForDebuggerJustMyCode non risolto
FireLight.lib(Component.obj) : error LNK2001: simbolo esterno __CheckForDebuggerJustMyCode non risolto
C:\Users\Utente\Desktop\Projects\GameDev Projects\FireligthTestGames\Pong\x64\Debug\Pong.exe : fatal error LNK1120: 1 esterni non risolti
